<?xml version="1.0" encoding="UTF-8"?>
<testsuite xmlns:xsi="http://www.w3.org/2001/XMLSchema-instance" xsi:noNamespaceSchemaLocation="https://maven.apache.org/surefire/maven-surefire-plugin/xsd/surefire-test-report.xsd" version="3.0.2" name="com.spring.cloud.CurrencyExchangeServiceApplicationTests" time="12.317" tests="1" errors="0" skipped="0" failures="0">
  <properties>
[...]
</properties>
  <testcase name="contextLoads" classname="com.spring.cloud.CurrencyExchangeServiceApplicationTests" time="0.53">
    <system-out><![CDATA[20:43:20.592 [main] INFO org.springframework.test.context.support.AnnotationConfigContextLoaderUtils -- Could not detect default configuration classes for test class [com.spring.cloud.CurrencyExchangeServiceApplicationTests]: CurrencyExchangeServiceApplicationTests does not declare any static, non-private, non-final, nested classes annotated with @Configuration.
20:43:20.755 [main] INFO org.springframework.boot.test.context.SpringBootTestContextBootstrapper -- Found @SpringBootConfiguration com.spring.cloud.CurrencyExchangeServiceApplication for test class com.spring.cloud.CurrencyExchangeServiceApplicationTests
20:43:21.216 [main] INFO org.springframework.boot.devtools.restart.RestartApplicationListener -- Restart disabled due to context in which it is running

  .   ____          _            __ _ _
 /\\ / ___'_ __ _ _(_)_ __  __ _ \ \ \ \
( ( )\___ | '_ | '_| | '_ \/ _` | \ \ \ \
 \\/  ___)| |_)| | | | | || (_| |  ) ) ) )
  '  |____| .__|_| |_|_| |_\__, | / / / /
 =========|_|==============|___/=/_/_/_/

 :: Spring Boot ::                (v3.4.3)

2025-03-08T20:43:22.889+05:30  INFO 14824 --- [currency-exchange-service] [           main] .CurrencyExchangeServiceApplicationTests : Starting CurrencyExchangeServiceApplicationTests using Java 17.0.7 with PID 14824 (started by NEELABH SINGH in C:\Users\NEELABH SINGH\Documents\Projects\microservices\currency-exchange-service)
2025-03-08T20:43:22.893+05:30  INFO 14824 --- [currency-exchange-service] [           main] .CurrencyExchangeServiceApplicationTests : No active profile set, falling back to 1 default profile: "default"
2025-03-08T20:43:23.899+05:30  INFO 14824 --- [currency-exchange-service] [           main] .s.d.r.c.RepositoryConfigurationDelegate : Bootstrapping Spring Data JPA repositories in DEFAULT mode.
2025-03-08T20:43:24.113+05:30  INFO 14824 --- [currency-exchange-service] [           main] .s.d.r.c.RepositoryConfigurationDelegate : Finished Spring Data repository scanning in 198 ms. Found 1 JPA repository interface.
2025-03-08T20:43:24.424+05:30  INFO 14824 --- [currency-exchange-service] [           main] o.s.cloud.context.scope.GenericScope     : BeanFactory id=1ef8d499-38f5-3f18-97e1-8c68bff11ce8
2025-03-08T20:43:24.990+05:30  INFO 14824 --- [currency-exchange-service] [           main] o.hibernate.jpa.internal.util.LogHelper  : HHH000204: Processing PersistenceUnitInfo [name: default]
2025-03-08T20:43:25.103+05:30  INFO 14824 --- [currency-exchange-service] [           main] org.hibernate.Version                    : HHH000412: Hibernate ORM core version 6.6.8.Final
2025-03-08T20:43:25.150+05:30  INFO 14824 --- [currency-exchange-service] [           main] o.h.c.internal.RegionFactoryInitiator    : HHH000026: Second-level cache disabled
2025-03-08T20:43:25.622+05:30  INFO 14824 --- [currency-exchange-service] [           main] o.s.o.j.p.SpringPersistenceUnitInfo      : No LoadTimeWeaver setup: ignoring JPA class transformer
2025-03-08T20:43:25.664+05:30  INFO 14824 --- [currency-exchange-service] [           main] com.zaxxer.hikari.HikariDataSource       : HikariPool-1 - Starting...
2025-03-08T20:43:25.668+05:30  WARN 14824 --- [currency-exchange-service] [           main] c.zaxxer.hikari.util.DriverDataSource    : Registered driver with driverClassName=oracle.jdbc.driver.OracleDriver was not found, trying direct instantiation.
2025-03-08T20:43:26.060+05:30  INFO 14824 --- [currency-exchange-service] [           main] com.zaxxer.hikari.pool.HikariPool        : HikariPool-1 - Added connection oracle.jdbc.driver.T4CConnection@7962a746
2025-03-08T20:43:26.062+05:30  INFO 14824 --- [currency-exchange-service] [           main] com.zaxxer.hikari.HikariDataSource       : HikariPool-1 - Start completed.
2025-03-08T20:43:26.481+05:30  INFO 14824 --- [currency-exchange-service] [           main] org.hibernate.orm.connections.pooling    : HHH10001005: Database info:
	Database JDBC URL [Connecting through datasource 'HikariDataSource (HikariPool-1)']
	Database driver: undefined/unknown
	Database version: 21.3
	Autocommit mode: undefined/unknown
	Isolation level: undefined/unknown
	Minimum pool size: undefined/unknown
	Maximum pool size: undefined/unknown
2025-03-08T20:43:27.429+05:30  INFO 14824 --- [currency-exchange-service] [           main] o.h.e.t.j.p.i.JtaPlatformInitiator       : HHH000489: No JTA platform available (set 'hibernate.transaction.jta.platform' to enable JTA platform integration)
2025-03-08T20:43:28.012+05:30  INFO 14824 --- [currency-exchange-service] [           main] j.LocalContainerEntityManagerFactoryBean : Initialized JPA EntityManagerFactory for persistence unit 'default'
2025-03-08T20:43:28.487+05:30  WARN 14824 --- [currency-exchange-service] [           main] JpaBaseConfiguration$JpaWebConfiguration : spring.jpa.open-in-view is enabled by default. Therefore, database queries may be performed during view rendering. Explicitly configure spring.jpa.open-in-view to disable this warning
2025-03-08T20:43:30.191+05:30  INFO 14824 --- [currency-exchange-service] [           main] o.s.cloud.commons.util.InetUtils         : Cannot determine local hostname
2025-03-08T20:43:31.466+05:30  INFO 14824 --- [currency-exchange-service] [           main] o.s.cloud.commons.util.InetUtils         : Cannot determine local hostname
2025-03-08T20:43:31.507+05:30  INFO 14824 --- [currency-exchange-service] [           main] DiscoveryClientOptionalArgsConfiguration : Eureka HTTP Client uses RestTemplate.
2025-03-08T20:43:31.609+05:30  WARN 14824 --- [currency-exchange-service] [           main] iguration$LoadBalancerCaffeineWarnLogger : Spring Cloud LoadBalancer is currently working with the default cache. While this cache implementation is useful for development and tests, it's recommended to use Caffeine cache in production.You can switch to using Caffeine cache, by adding it and org.springframework.cache.caffeine.CaffeineCacheManager to the classpath.
2025-03-08T20:43:31.644+05:30  INFO 14824 --- [currency-exchange-service] [           main] o.s.c.n.eureka.InstanceInfoFactory       : Setting initial instance status as: STARTING
2025-03-08T20:43:31.678+05:30  INFO 14824 --- [currency-exchange-service] [           main] com.netflix.discovery.DiscoveryClient    : Initializing Eureka in region us-east-1
2025-03-08T20:43:31.682+05:30  INFO 14824 --- [currency-exchange-service] [           main] c.n.d.s.r.aws.ConfigClusterResolver      : Resolving eureka endpoints via configuration
2025-03-08T20:43:31.697+05:30  INFO 14824 --- [currency-exchange-service] [           main] com.netflix.discovery.DiscoveryClient    : Disable delta property : false
2025-03-08T20:43:31.698+05:30  INFO 14824 --- [currency-exchange-service] [           main] com.netflix.discovery.DiscoveryClient    : Single vip registry refresh property : null
2025-03-08T20:43:31.698+05:30  INFO 14824 --- [currency-exchange-service] [           main] com.netflix.discovery.DiscoveryClient    : Force full registry fetch : false
2025-03-08T20:43:31.698+05:30  INFO 14824 --- [currency-exchange-service] [           main] com.netflix.discovery.DiscoveryClient    : Application is null : false
2025-03-08T20:43:31.698+05:30  INFO 14824 --- [currency-exchange-service] [           main] com.netflix.discovery.DiscoveryClient    : Registered Applications size is zero : true
2025-03-08T20:43:31.699+05:30  INFO 14824 --- [currency-exchange-service] [           main] com.netflix.discovery.DiscoveryClient    : Application version is -1: true
2025-03-08T20:43:31.699+05:30  INFO 14824 --- [currency-exchange-service] [           main] com.netflix.discovery.DiscoveryClient    : Getting all instance registry info from the eureka server
2025-03-08T20:43:32.097+05:30  INFO 14824 --- [currency-exchange-service] [           main] com.netflix.discovery.DiscoveryClient    : The response status is 200
2025-03-08T20:43:32.099+05:30  INFO 14824 --- [currency-exchange-service] [           main] com.netflix.discovery.DiscoveryClient    : Starting heartbeat executor: renew interval is: 30
2025-03-08T20:43:32.101+05:30  INFO 14824 --- [currency-exchange-service] [           main] c.n.discovery.InstanceInfoReplicator     : InstanceInfoReplicator onDemand update allowed rate per min is 4
2025-03-08T20:43:32.102+05:30  INFO 14824 --- [currency-exchange-service] [           main] com.netflix.discovery.DiscoveryClient    : Discovery Client initialized at timestamp 1741446812102 with initial instances count: 1
2025-03-08T20:43:32.105+05:30  INFO 14824 --- [currency-exchange-service] [           main] o.s.c.n.e.s.EurekaServiceRegistry        : Registering application CURRENCY-EXCHANGE-SERVICE with eureka with status UP
2025-03-08T20:43:32.106+05:30  INFO 14824 --- [currency-exchange-service] [           main] com.netflix.discovery.DiscoveryClient    : Saw local status change event StatusChangeEvent [timestamp=1741446812106, current=UP, previous=STARTING]
2025-03-08T20:43:32.107+05:30  INFO 14824 --- [currency-exchange-service] [foReplicator-%d] com.netflix.discovery.DiscoveryClient    : DiscoveryClient_CURRENCY-EXCHANGE-SERVICE/localhost:currency-exchange-service:8000: registering service...
2025-03-08T20:43:32.118+05:30  INFO 14824 --- [currency-exchange-service] [           main] .CurrencyExchangeServiceApplicationTests : Started CurrencyExchangeServiceApplicationTests in 10.924 seconds (process running for 12.702)
2025-03-08T20:43:32.170+05:30  INFO 14824 --- [currency-exchange-service] [foReplicator-%d] com.netflix.discovery.DiscoveryClient    : DiscoveryClient_CURRENCY-EXCHANGE-SERVICE/localhost:currency-exchange-service:8000 - registration status: 204
]]></system-out>
  </testcase>
</testsuite>